{
  "stats": {
    "suites": 1,
    "tests": 1,
    "passes": 0,
    "pending": 0,
    "failures": 1,
    "start": "2024-05-31T19:43:35.662Z",
    "end": "2024-05-31T19:43:36.396Z",
    "duration": 734,
    "testsRegistered": 1,
    "passPercent": 0,
    "pendingPercent": 0,
    "other": 0,
    "hasOther": false,
    "skipped": 0,
    "hasSkipped": false
  },
  "results": [
    {
      "uuid": "c5d7372e-92a7-4865-9543-b0ef3a6698dd",
      "title": "",
      "fullFile": "cypress/e2e/application_test.cy.js",
      "file": "cypress/e2e/application_test.cy.js",
      "beforeHooks": [],
      "afterHooks": [],
      "tests": [],
      "suites": [
        {
          "uuid": "b9e76b0c-050a-412d-a840-253f50af2893",
          "title": "Application Test Suite",
          "fullFile": "",
          "file": "",
          "beforeHooks": [],
          "afterHooks": [],
          "tests": [
            {
              "title": "should run all module tests dynamically",
              "fullTitle": "Application Test Suite should run all module tests dynamically",
              "timedOut": null,
              "duration": 194,
              "state": "failed",
              "speed": null,
              "pass": false,
              "fail": true,
              "pending": false,
              "context": null,
              "code": "console.log(\">>> step 1:: start the script\");\n// List all fixture files\ncy.task('listFixtureFiles').then(files => {\n  console.log(\">>> step 2: files name array\", files);\n  // Process each file sequentially\n  files.forEach(filename => {\n    // Read and parse the JSON file\n    cy.task('readFixtureFile', filename).then(data => {\n      const jsonData = JSON.parse(data);\n      console.log(\">>> step 3: each files jsonData\", jsonData);\n      // Define a new test suite for each JSON file\n      context(`Tests for ${jsonData.url}`, () => {\n        before(() => {\n          // Visit the URL defined in the JSON\n          const baseUrl = Cypress.config('baseUrl');\n          console.log(\">>> step 4: baseUrl\", baseUrl);\n          cy.visit(`${baseUrl}${jsonData.url}`);\n        });\n        it('should run Independent Page tests', () => {\n          // Check if jsonData is loaded\n          if (!jsonData) {\n            throw new Error('JSON data not loaded');\n          }\n          // Loop through each module in the JSON data\n          jsonData.modules.forEach(module => {\n            switch (module.type) {\n              case 'navbar':\n                cy.runNavbarTests(module.elements);\n                break;\n              case 'list':\n                cy.runListTests(module.elements);\n                break;\n              case 'banner':\n                cy.runBannerTests(module.elements);\n                break;\n              default:\n                throw new Error(`Unknown module type: ${module.type}`);\n            }\n          });\n          // Wait and log completion message\n          cy.wait(1000);\n          cy.log(\"Script running completed\");\n        });\n      });\n    });\n  });\n});",
              "err": {
                "message": "CypressError: `cy.task('listFixtureFiles')` failed with the following error:\n\n> ENOENT: no such file or directory, scandir './cypress/fixtures/undefined'\n\nhttps://on.cypress.io/api/task",
                "estack": "CypressError: `cy.task('listFixtureFiles')` failed with the following error:\n\n> ENOENT: no such file or directory, scandir './cypress/fixtures/undefined'\n\nhttps://on.cypress.io/api/task\n    at <unknown> (http://localhost:63791/__cypress/runner/cypress_runner.js:135801:70)\n    at tryCatcher (http://localhost:63791/__cypress/runner/cypress_runner.js:1807:23)\n    at Promise._settlePromiseFromHandler (http://localhost:63791/__cypress/runner/cypress_runner.js:1519:31)\n    at Promise._settlePromise (http://localhost:63791/__cypress/runner/cypress_runner.js:1576:18)\n    at Promise._settlePromise0 (http://localhost:63791/__cypress/runner/cypress_runner.js:1621:10)\n    at Promise._settlePromises (http://localhost:63791/__cypress/runner/cypress_runner.js:1697:18)\n    at _drainQueueStep (http://localhost:63791/__cypress/runner/cypress_runner.js:2407:12)\n    at _drainQueue (http://localhost:63791/__cypress/runner/cypress_runner.js:2400:9)\n    at Async._drainQueues (http://localhost:63791/__cypress/runner/cypress_runner.js:2416:5)\n    at Async.drainQueues (http://localhost:63791/__cypress/runner/cypress_runner.js:2286:14)\nFrom Your Spec Code:\n    at Context.eval (webpack://cypress_automation/./cypress/e2e/application_test.cy.js:6:7)\n\nFrom Node.js Internals:\n  Error: ENOENT: no such file or directory, scandir './cypress/fixtures/undefined'\n      at Object.readdirSync (node:fs:1513:26)\n      at listFixtureFiles (/Users/skundu/Documents/cypress_automation/cypress.config.js:24:21)\n      at invoke (/Users/skundu/Library/Caches/Cypress/13.9.0/Cypress.app/Contents/Resources/app/packages/server/lib/plugins/child/run_plugins.js:248:16)\n      at <unknown> (/Users/skundu/Library/Caches/Cypress/13.9.0/Cypress.app/Contents/Resources/app/packages/server/lib/plugins/util.js:59:14)\n      at tryCatcher (/Users/skundu/Library/Caches/Cypress/13.9.0/Cypress.app/Contents/Resources/app/node_modules/bluebird/js/release/util.js:16:23)\n      at Promise.attempt.Promise.try (/Users/skundu/Library/Caches/Cypress/13.9.0/Cypress.app/Contents/Resources/app/node_modules/bluebird/js/release/method.js:39:29)\n      at Object.wrapChildPromise (/Users/skundu/Library/Caches/Cypress/13.9.0/Cypress.app/Contents/Resources/app/packages/server/lib/plugins/util.js:58:23)\n      at RunPlugins.taskExecute (/Users/skundu/Library/Caches/Cypress/13.9.0/Cypress.app/Contents/Resources/app/packages/server/lib/plugins/child/run_plugins.js:254:10)\n      at RunPlugins.execute (/Users/skundu/Library/Caches/Cypress/13.9.0/Cypress.app/Contents/Resources/app/packages/server/lib/plugins/child/run_plugins.js:166:21)\n      at EventEmitter.<anonymous> (/Users/skundu/Library/Caches/Cypress/13.9.0/Cypress.app/Contents/Resources/app/packages/server/lib/plugins/child/run_plugins.js:56:12)\n      at EventEmitter.emit (node:events:519:28)\n      at process.<anonymous> (/Users/skundu/Library/Caches/Cypress/13.9.0/Cypress.app/Contents/Resources/app/packages/server/lib/plugins/util.js:33:22)\n      at process.emit (node:events:519:28)\n      at emit (node:internal/child_process:951:14)\n      at process.processTicksAndRejections (node:internal/process/task_queues:83:21)",
                "diff": null
              },
              "uuid": "7ee1ad2b-4ac7-470c-b7d2-4a19746f8855",
              "parentUUID": "b9e76b0c-050a-412d-a840-253f50af2893",
              "isHook": false,
              "skipped": false
            }
          ],
          "suites": [],
          "passes": [],
          "failures": ["7ee1ad2b-4ac7-470c-b7d2-4a19746f8855"],
          "pending": [],
          "skipped": [],
          "duration": 194,
          "root": false,
          "rootEmpty": false,
          "_timeout": 2000
        }
      ],
      "passes": [],
      "failures": [],
      "pending": [],
      "skipped": [],
      "duration": 0,
      "root": true,
      "rootEmpty": true,
      "_timeout": 2000
    }
  ],
  "meta": {
    "mocha": {
      "version": "7.0.1"
    },
    "mochawesome": {
      "options": {
        "quiet": false,
        "reportFilename": "mochawesome",
        "saveHtml": true,
        "saveJson": true,
        "consoleReporter": "spec",
        "useInlineDiffs": false,
        "code": true
      },
      "version": "7.1.3"
    },
    "marge": {
      "options": {
        "reportDir": "cypress/reports",
        "overwrite": false,
        "html": true,
        "json": true
      },
      "version": "6.2.0"
    }
  }
}
